========================= [START OF SESSION] =========================---------------------- [START OF HTTP RESPONSE] ----------------------
HTTP/1.1 500 Internal Server Error
Content-Length: 21
Connection: keep-alive
Content-Type: text/plain; charset=utf-8
Date: Mon, 18 Nov 2024 04:28:53 GMT
Etag: W/"15-/6VXivhc2MKdLfIkLcUE47K6aH0"
Keep-Alive: timeout=5
X-Powered-By: Express

Internal Server Error
----------------------- [END OF HTTP RESPONSE] -----------------------

---------------------- [START OF HTTP RESPONSE] ----------------------
HTTP/1.1 500 Internal Server Error
Content-Length: 21
Connection: keep-alive
Content-Type: text/plain; charset=utf-8
Date: Mon, 18 Nov 2024 04:28:53 GMT
Etag: W/"15-/6VXivhc2MKdLfIkLcUE47K6aH0"
Keep-Alive: timeout=5
X-Powered-By: Express

Internal Server Error
----------------------- [END OF HTTP RESPONSE] -----------------------

---------------------- [START OF HTTP RESPONSE] ----------------------
HTTP/1.1 500 Internal Server Error
Content-Length: 21
Connection: keep-alive
Content-Type: text/plain; charset=utf-8
Date: Mon, 18 Nov 2024 04:28:53 GMT
Etag: W/"15-/6VXivhc2MKdLfIkLcUE47K6aH0"
Keep-Alive: timeout=5
X-Powered-By: Express

Internal Server Error
----------------------- [END OF HTTP RESPONSE] -----------------------

---------------------- [START OF HTTP RESPONSE] ----------------------
HTTP/1.1 500 Internal Server Error
Content-Length: 21
Connection: keep-alive
Content-Type: text/plain; charset=utf-8
Date: Mon, 18 Nov 2024 04:28:53 GMT
Etag: W/"15-/6VXivhc2MKdLfIkLcUE47K6aH0"
Keep-Alive: timeout=5
X-Powered-By: Express

Internal Server Error
----------------------- [END OF HTTP RESPONSE] -----------------------

---------------------- [START OF HTTP RESPONSE] ----------------------
HTTP/1.1 500 Internal Server Error
Content-Length: 21
Connection: keep-alive
Content-Type: text/plain; charset=utf-8
Date: Mon, 18 Nov 2024 04:28:53 GMT
Etag: W/"15-/6VXivhc2MKdLfIkLcUE47K6aH0"
Keep-Alive: timeout=5
X-Powered-By: Express

Internal Server Error
----------------------- [END OF HTTP RESPONSE] -----------------------

---------------------- [START OF HTTP RESPONSE] ----------------------
HTTP/1.1 500 Internal Server Error
Content-Length: 21
Connection: keep-alive
Content-Type: text/plain; charset=utf-8
Date: Mon, 18 Nov 2024 04:28:53 GMT
Etag: W/"15-/6VXivhc2MKdLfIkLcUE47K6aH0"
Keep-Alive: timeout=5
X-Powered-By: Express

Internal Server Error
----------------------- [END OF HTTP RESPONSE] -----------------------

---------------------- [START OF HTTP RESPONSE] ----------------------
HTTP/1.1 500 Internal Server Error
Content-Length: 21
Connection: keep-alive
Content-Type: text/plain; charset=utf-8
Date: Mon, 18 Nov 2024 04:28:53 GMT
Etag: W/"15-/6VXivhc2MKdLfIkLcUE47K6aH0"
Keep-Alive: timeout=5
X-Powered-By: Express

Internal Server Error
----------------------- [END OF HTTP RESPONSE] -----------------------

---------------------- [START OF HTTP RESPONSE] ----------------------
HTTP/1.1 500 Internal Server Error
Content-Length: 21
Connection: keep-alive
Content-Type: text/plain; charset=utf-8
Date: Mon, 18 Nov 2024 04:28:53 GMT
Etag: W/"15-/6VXivhc2MKdLfIkLcUE47K6aH0"
Keep-Alive: timeout=5
X-Powered-By: Express

Internal Server Error
----------------------- [END OF HTTP RESPONSE] -----------------------

---------------------- [START OF HTTP RESPONSE] ----------------------
HTTP/1.1 500 Internal Server Error
Content-Length: 21
Connection: keep-alive
Content-Type: text/plain; charset=utf-8
Date: Mon, 18 Nov 2024 04:28:53 GMT
Etag: W/"15-/6VXivhc2MKdLfIkLcUE47K6aH0"
Keep-Alive: timeout=5
X-Powered-By: Express

Internal Server Error
----------------------- [END OF HTTP RESPONSE] -----------------------

========================== [END OF SESSION] =================================================== [START OF SESSION] =========================---------------------- [START OF HTTP RESPONSE] ----------------------
HTTP/1.1 500 Internal Server Error
Content-Length: 21
Connection: keep-alive
Content-Type: text/plain; charset=utf-8
Date: Mon, 18 Nov 2024 04:30:44 GMT
Etag: W/"15-/6VXivhc2MKdLfIkLcUE47K6aH0"
Keep-Alive: timeout=5
X-Powered-By: Express

Internal Server Error
----------------------- [END OF HTTP RESPONSE] -----------------------

========================== [END OF SESSION] =================================================== [START OF SESSION] =========================---------------------- [START OF HTTP RESPONSE] ----------------------
HTTP/1.1 500 Internal Server Error
Content-Length: 21
Connection: keep-alive
Content-Type: text/plain; charset=utf-8
Date: Mon, 18 Nov 2024 04:30:58 GMT
Etag: W/"15-/6VXivhc2MKdLfIkLcUE47K6aH0"
Keep-Alive: timeout=5
X-Powered-By: Express

Internal Server Error
----------------------- [END OF HTTP RESPONSE] -----------------------

========================== [END OF SESSION] ====================================================== [START OF SESSION] ============================
---------------------- [START OF HTTP RESPONSE] ----------------------
HTTP/1.1 500 Internal Server Error
Content-Length: 21
Connection: keep-alive
Content-Type: text/plain; charset=utf-8
Date: Mon, 18 Nov 2024 04:31:48 GMT
Etag: W/"15-/6VXivhc2MKdLfIkLcUE47K6aH0"
Keep-Alive: timeout=5
X-Powered-By: Express

Internal Server Error
----------------------- [END OF HTTP RESPONSE] -----------------------

============================= [END OF SESSION] =============================
